<?xml version="1.0" encoding="UTF-8"?>
<testsuite xmlns:xsi="http://www.w3.org/2001/XMLSchema-instance" xsi:noNamespaceSchemaLocation="https://maven.apache.org/surefire/maven-surefire-plugin/xsd/surefire-test-report-3.0.xsd" version="3.0" name="TestSuite" time="21.289" tests="2" errors="0" skipped="0" failures="0">
  <properties>
[...]
</properties>
  <testcase name="runScenario[&quot;Add one quantity from Store&quot;, &quot;Add to Cart&quot;](1)" classname="awsomecucumber.runner.MyTestNgRunnerTest" time="12.092">
    <system-out><![CDATA[Request method:	POST
Request URI:	https://askomdch.com/?wc-ajax=add_to_cart
Proxy:			<none>
Request params:	<none>
Query params:	<none>
Form params:	product_sku=
				quantity=1
				product_id=1215
Path params:	<none>
Headers:		Accept=*/*
				Content-Type=application/x-www-form-urlencoded; charset=ISO-8859-1
Cookies:		<none>
Multiparts:		<none>
Body:			<none>
]]></system-out>
    <system-err><![CDATA[Aug 15, 2022 2:29:20 PM io.cucumber.testng.TestNGCucumberRunner <init>
WARNING: By default Cucumber is running in --non-strict mode.
This default will change to --strict and --non-strict will be removed.
You can use --strict or @CucumberOptions(strict = true) to suppress this warning
SLF4J: Failed to load class "org.slf4j.impl.StaticLoggerBinder".
SLF4J: Defaulting to no-operation (NOP) logger implementation
SLF4J: See http://www.slf4j.org/codes.html#StaticLoggerBinder for further details.
Starting ChromeDriver 104.0.5112.79 (3cf3e8c8a07d104b9e1260c910efb8f383285dc5-refs/branch-heads/5112@{#1307}) on port 30060
Only local connections are allowed.
Please see https://chromedriver.chromium.org/security-considerations for suggestions on keeping ChromeDriver safe.
Starting ChromeDriver 104.0.5112.79 (3cf3e8c8a07d104b9e1260c910efb8f383285dc5-refs/branch-heads/5112@{#1307}) on port 1590
Only local connections are allowed.
Please see https://chromedriver.chromium.org/security-considerations for suggestions on keeping ChromeDriver safe.
ChromeDriver was started successfully.
ChromeDriver was started successfully.
Aug 15, 2022 2:29:23 PM org.openqa.selenium.remote.ProtocolHandshake createSession
INFO: Detected dialect: W3C
Aug 15, 2022 2:29:23 PM org.openqa.selenium.devtools.CdpVersionFinder findNearestMatch
WARNING: Unable to find an exact match for CDP version 104, so returning the closest version found: a no-op implementation
Aug 15, 2022 2:29:23 PM org.openqa.selenium.devtools.CdpVersionFinder findNearestMatch
INFO: Unable to find CDP implementation matching 104.
Aug 15, 2022 2:29:23 PM org.openqa.selenium.chromium.ChromiumDriver lambda$new$3
WARNING: Unable to find version of CDP to use for . You may need to include a dependency on a specific version of the CDP using something similar to `org.seleniumhq.selenium:selenium-devtools-v86:4.0.0-rc-2` where the version ("v86") matches the version of the chromium-based browser you're using and the version number of the artifact is the same as Selenium's.
Aug 15, 2022 2:29:25 PM org.openqa.selenium.remote.ProtocolHandshake createSession
INFO: Detected dialect: W3C
Aug 15, 2022 2:29:25 PM org.openqa.selenium.devtools.CdpVersionFinder findNearestMatch
WARNING: Unable to find an exact match for CDP version 104, so returning the closest version found: a no-op implementation
Aug 15, 2022 2:29:25 PM org.openqa.selenium.devtools.CdpVersionFinder findNearestMatch
INFO: Unable to find CDP implementation matching 104.
Aug 15, 2022 2:29:25 PM org.openqa.selenium.chromium.ChromiumDriver lambda$new$3
WARNING: Unable to find version of CDP to use for . You may need to include a dependency on a specific version of the CDP using something similar to `org.seleniumhq.selenium:selenium-devtools-v86:4.0.0-rc-2` where the version ("v86") matches the version of the chromium-based browser you're using and the version number of the artifact is the same as Selenium's.
]]></system-err>
  </testcase>
  <testcase name="runScenario[&quot;using default payment option&quot;, &quot;Place an Order&quot;](2)" classname="awsomecucumber.runner.MyTestNgRunnerTest" time="20.41">
    <system-out><![CDATA[HTTP/1.1 200 OK
Date: Mon, 15 Aug 2022 08:59:33 GMT
Content-Type: application/json; charset=UTF-8
Transfer-Encoding: chunked
Connection: keep-alive
vary: Accept-Encoding
x-content-type-options: nosniff
x-content-type-options: nosniff
x-robots-tag: noindex
set-cookie: woocommerce_items_in_cart=1; path=/
expires: Wed, 11 Jan 1984 05:00:00 GMT
Cache-Control: no-cache, must-revalidate, max-age=0
strict-transport-security: max-age=63072000
x-frame-options: SAMEORIGIN
x-xss-protection: 1; mode=block
Content-Encoding: gzip
CF-Cache-Status: DYNAMIC
set-cookie: woocommerce_cart_hash=42e65b245308ba4f486b61612707a993; path=/
set-cookie: wp_woocommerce_session_e39c30ea93030240fdcfed1ddf385ba1=c1f4d849238fc9869a3f51a7bd96acc4%7C%7C1660726773%7C%7C1660723173%7C%7C13834411ae41a7881e8bca7abf604586; expires=Wed, 17-Aug-2022 08:59:33 GMT; Max-Age=172800; path=/; secure; HttpOnly
set-cookie: woocommerce_items_in_cart=1; path=/
set-cookie: woocommerce_cart_hash=077edd270071e91cf806e27ea69d99f4; path=/
set-cookie: wp_woocommerce_session_e39c30ea93030240fdcfed1ddf385ba1=c1f4d849238fc9869a3f51a7bd96acc4%7C%7C1660726773%7C%7C1660723173%7C%7C13834411ae41a7881e8bca7abf604586; expires=Wed, 17-Aug-2022 08:59:33 GMT; Max-Age=172800; path=/; secure; HttpOnly
Expect-CT: max-age=604800, report-uri="https://report-uri.cloudflare.com/cdn-cgi/beacon/expect-ct"
Report-To: {"endpoints":[{"url":"https:\/\/a.nel.cloudflare.com\/report\/v3?s=nlU4l57QlnoS1YWvpzAr0V0dXZnmu1C4H87yt9HsTyrI8j5la3ws%2FkCFwh9dUsRsg4hukJ9FhUyZNv6bsMxa48bvbskdw5e9Ex3JRcRxNTpNrsD5vJxIwba0Aq0WAwo%3D"}],"group":"cf-nel","max_age":604800}
NEL: {"success_fraction":0,"report_to":"cf-nel","max_age":604800}
Server: cloudflare
CF-RAY: 73b0bc17888279f2-HYD
alt-svc: h3=":443"; ma=86400, h3-29=":443"; ma=86400

{
    "fragments": {
        "div.widget_shopping_cart_content": "<div class=\"widget_shopping_cart_content\">\n\n\t<ul class=\"woocommerce-mini-cart cart_list product_list_widget \">\n\t\t\t\t\t\t<li class=\"woocommerce-mini-cart-item mini_cart_item\">\n\t\t\t\t\t<a href=\"https://askomdch.com/cart/?remove_item=a4d2f0d23dcc84ce983ff9157f8b7f88&#038;_wpnonce=1578f39ffb\" class=\"remove remove_from_cart_button\" aria-label=\"Remove this item\" data-product_id=\"1215\" data-cart_item_key=\"a4d2f0d23dcc84ce983ff9157f8b7f88\" data-product_sku=\"\">&times;</a>\t\t\t\t\t\t\t\t\t\t\t<a href=\"https://askomdch.com/product/blue-shoes/\">\n\t\t\t\t\t\t\t<img width=\"300\" height=\"300\" src=\"https://askomdch.com/wp-content/uploads/2021/06/pro-14-300x300.jpg\" class=\"attachment-woocommerce_thumbnail size-woocommerce_thumbnail\" alt=\"\" srcset=\"https://askomdch.com/wp-content/uploads/2021/06/pro-14-300x300.jpg 300w, https://askomdch.com/wp-content/uploads/2021/06/pro-14-150x150.jpg 150w, https://askomdch.com/wp-content/uploads/2021/06/pro-14-100x100.jpg 100w, https://askomdch.com/wp-content/uploads/2021/06/pro-14.jpg 600w\" sizes=\"(max-width: 300px) 100vw, 300px\" />Blue Shoes\t\t\t\t\t\t</a>\n\t\t\t\t\t\t\t\t\t\t\t\t\t\t\t<span class=\"quantity\">1 &times; <span class=\"woocommerce-Price-amount amount\"><bdi><span class=\"woocommerce-Price-currencySymbol\">&#36;</span>45.00</bdi></span></span>\t\t\t\t</li>\n\t\t\t\t\t</ul>\n\n\t<p class=\"woocommerce-mini-cart__total total\">\n\t\t<strong>Subtotal:</strong> <span class=\"woocommerce-Price-amount amount\"><bdi><span class=\"woocommerce-Price-currencySymbol\">&#36;</span>45.00</bdi></span>\t</p>\n\n\t\n\t<p class=\"woocommerce-mini-cart__buttons buttons\"><a href=\"https://askomdch.com/cart/\" class=\"button wc-forward\">View cart</a><a href=\"https://askomdch.com/checkout/\" class=\"button checkout wc-forward\">Checkout</a></p>\n\n\t\n\n</div>",
        "a.cart-container": "\t\t\t<a class=\"cart-container\" href=\"https://askomdch.com/cart/\" title=\"View your shopping cart\">\r\n\r\n\t\t\t\t\t\t\t\t\t\t\t\t\t<div class=\"ast-cart-menu-wrap\">\r\n\t\t\t\t\t\t\t\t<span class=\"count\">\r\n\t\t\t\t\t\t\t\t\t1\t\t\t\t\t\t\t\t</span>\r\n\t\t\t\t\t\t\t</div>\r\n\t\t\t\t\t\t\t\t\t\t</a>\r\n\t\t\t"
    },
    "cart_hash": "077edd270071e91cf806e27ea69d99f4"
}
COUNTER 0: woocommerce_items_in_cart=1; path=/
COUNTER 1: woocommerce_cart_hash=42e65b245308ba4f486b61612707a993; path=/
COUNTER 2: wp_woocommerce_session_e39c30ea93030240fdcfed1ddf385ba1=c1f4d849238fc9869a3f51a7bd96acc4%7C%7C1660726773%7C%7C1660723173%7C%7C13834411ae41a7881e8bca7abf604586; expires=Wed, 17 Aug 2022 02:29:33 IST; path=/;secure;
COUNTER 3: woocommerce_items_in_cart=1; path=/
COUNTER 4: woocommerce_cart_hash=077edd270071e91cf806e27ea69d99f4; path=/
COUNTER 5: wp_woocommerce_session_e39c30ea93030240fdcfed1ddf385ba1=c1f4d849238fc9869a3f51a7bd96acc4%7C%7C1660726773%7C%7C1660723173%7C%7C13834411ae41a7881e8bca7abf604586; expires=Wed, 17 Aug 2022 02:29:33 IST; path=/;secure;
]]></system-out>
  </testcase>
</testsuite>