<?xml version="1.0" encoding="UTF-8"?>
<testng-results ignored="0" total="2" passed="2" failed="0" skipped="0">
  <reporter-output>
  </reporter-output>
  <suite started-at="2022-08-15T14:29:20 IST" name="Surefire suite" finished-at="2022-08-15T14:29:41 IST" duration-ms="20869">
    <groups>
      <group name="cucumber">
        <method signature="AbstractTestNGCucumberTests.runScenario(io.cucumber.testng.PickleWrapper, io.cucumber.testng.FeatureWrapper)[pri:0, instance:awsomecucumber.runner.MyTestNgRunnerTest@5c1a8622]" name="runScenario" class="io.cucumber.testng.AbstractTestNGCucumberTests"/>
      </group> <!-- cucumber -->
    </groups>
    <test started-at="2022-08-15T14:29:20 IST" name="Surefire test" finished-at="2022-08-15T14:29:41 IST" duration-ms="20869">
      <class name="awsomecucumber.runner.MyTestNgRunnerTest">
        <test-method is-config="true" signature="setUpClass()[pri:0, instance:awsomecucumber.runner.MyTestNgRunnerTest@5c1a8622]" started-at="2022-08-15T14:29:20 IST" name="setUpClass" finished-at="2022-08-15T14:29:20 IST" duration-ms="142" status="PASS">
          <reporter-output>
          </reporter-output>
        </test-method> <!-- setUpClass -->
        <test-method signature="runScenario(io.cucumber.testng.PickleWrapper, io.cucumber.testng.FeatureWrapper)[pri:0, instance:awsomecucumber.runner.MyTestNgRunnerTest@5c1a8622]" started-at="2022-08-15T14:29:20 IST" name="runScenario" description="Runs Cucumber Scenarios" data-provider="scenarios" finished-at="2022-08-15T14:29:32 IST" duration-ms="12062" status="PASS">
          <params>
            <param index="0">
              <value>
                <![CDATA["Add one quantity from Store"]]>
              </value>
            </param>
            <param index="1">
              <value>
                <![CDATA["Add to Cart"]]>
              </value>
            </param>
          </params>
          <reporter-output>
          </reporter-output>
        </test-method> <!-- runScenario -->
        <test-method signature="runScenario(io.cucumber.testng.PickleWrapper, io.cucumber.testng.FeatureWrapper)[pri:0, instance:awsomecucumber.runner.MyTestNgRunnerTest@5c1a8622]" started-at="2022-08-15T14:29:20 IST" name="runScenario" description="Runs Cucumber Scenarios" data-provider="scenarios" finished-at="2022-08-15T14:29:40 IST" duration-ms="20353" status="PASS">
          <params>
            <param index="0">
              <value>
                <![CDATA["using default payment option"]]>
              </value>
            </param>
            <param index="1">
              <value>
                <![CDATA["Place an Order"]]>
              </value>
            </param>
          </params>
          <reporter-output>
          </reporter-output>
        </test-method> <!-- runScenario -->
        <test-method is-config="true" signature="tearDownClass()[pri:0, instance:awsomecucumber.runner.MyTestNgRunnerTest@5c1a8622]" started-at="2022-08-15T14:29:40 IST" name="tearDownClass" finished-at="2022-08-15T14:29:41 IST" duration-ms="140" status="PASS">
          <reporter-output>
          </reporter-output>
        </test-method> <!-- tearDownClass -->
      </class> <!-- awsomecucumber.runner.MyTestNgRunnerTest -->
    </test> <!-- Surefire test -->
  </suite> <!-- Surefire suite -->
</testng-results>
