<?xml version="1.0" encoding="UTF-8"?>
<testng-results ignored="0" total="2" passed="2" failed="0" skipped="0">
  <reporter-output>
  </reporter-output>
  <suite started-at="2022-08-15T14:26:41 IST" name="Default suite" finished-at="2022-08-15T14:26:59 IST" duration-ms="18320">
    <groups>
      <group name="cucumber">
        <method signature="AbstractTestNGCucumberTests.runScenario(io.cucumber.testng.PickleWrapper, io.cucumber.testng.FeatureWrapper)[pri:0, instance:awsomecucumber.runner.MyTestNgRunnerTest@384ad17b]" name="runScenario" class="io.cucumber.testng.AbstractTestNGCucumberTests"/>
      </group> <!-- cucumber -->
    </groups>
    <test started-at="2022-08-15T14:26:41 IST" name="Default test" finished-at="2022-08-15T14:26:59 IST" duration-ms="18320">
      <class name="awsomecucumber.runner.MyTestNgRunnerTest">
        <test-method is-config="true" signature="setUpClass()[pri:0, instance:awsomecucumber.runner.MyTestNgRunnerTest@384ad17b]" started-at="2022-08-15T14:26:41 IST" name="setUpClass" finished-at="2022-08-15T14:26:41 IST" duration-ms="176" status="PASS">
          <reporter-output>
          </reporter-output>
        </test-method> <!-- setUpClass -->
        <test-method signature="runScenario(io.cucumber.testng.PickleWrapper, io.cucumber.testng.FeatureWrapper)[pri:0, instance:awsomecucumber.runner.MyTestNgRunnerTest@384ad17b]" started-at="2022-08-15T14:26:41 IST" name="runScenario" description="Runs Cucumber Scenarios" data-provider="scenarios" finished-at="2022-08-15T14:26:59 IST" duration-ms="17896" status="PASS">
          <params>
            <param index="0">
              <value>
                <![CDATA["using default payment option"]]>
              </value>
            </param>
            <param index="1">
              <value>
                <![CDATA["Place an Order"]]>
              </value>
            </param>
          </params>
          <reporter-output>
          </reporter-output>
        </test-method> <!-- runScenario -->
        <test-method signature="runScenario(io.cucumber.testng.PickleWrapper, io.cucumber.testng.FeatureWrapper)[pri:0, instance:awsomecucumber.runner.MyTestNgRunnerTest@384ad17b]" started-at="2022-08-15T14:26:41 IST" name="runScenario" description="Runs Cucumber Scenarios" data-provider="scenarios" finished-at="2022-08-15T14:26:53 IST" duration-ms="11591" status="PASS">
          <params>
            <param index="0">
              <value>
                <![CDATA["Add one quantity from Store"]]>
              </value>
            </param>
            <param index="1">
              <value>
                <![CDATA["Add to Cart"]]>
              </value>
            </param>
          </params>
          <reporter-output>
          </reporter-output>
        </test-method> <!-- runScenario -->
        <test-method is-config="true" signature="tearDownClass()[pri:0, instance:awsomecucumber.runner.MyTestNgRunnerTest@384ad17b]" started-at="2022-08-15T14:26:59 IST" name="tearDownClass" finished-at="2022-08-15T14:26:59 IST" duration-ms="102" status="PASS">
          <reporter-output>
          </reporter-output>
        </test-method> <!-- tearDownClass -->
      </class> <!-- awsomecucumber.runner.MyTestNgRunnerTest -->
    </test> <!-- Default test -->
  </suite> <!-- Default suite -->
</testng-results>
